+++++++++++++++++++++++++++++++++++++++++++++++++++++
- CONFIGURED PARAMETERS:
source_dirs='/home/projects/linux-backup/source1'
target_dir='/home/projects/linux-backup/target'
full_backup_path='/home/projects/linux-backup/target/inc/2001-12-31/'
working_path='/home/projects/linux-backup'
logs_path='/home/projects/linux-backup/logs'
log_file='backup_2001-12-31-103030.log'
anual_ret='12, monthly_ret='12, daily_ret'6
+++++++++++++++++++++++++++++++++++++++++++++++++++++
Timestamp: 2001-12-31_10:30:30
[INFO]	Checking logs directory... 
[INFO]	Checking root privileges... 
[INFO]	Checking backup source directory... 
[INFO]	Checking backup target directory... 
[INFO]	Creating backup directories... 
[INFO]	Checking disk space... 
[INFO]	Executing rsync:
>>>>>>>>>>>>>>>>>>>>>>>>>>>>>>>>>>>>>>>>>>>>>
rsync -avh --progress --delete --link-dest=/home/projects/linux-backup/target/inc/2001-12-30 /home/projects/linux-backup/source1 /home/projects/linux-backup/target/inc/2001-12-31/ --log-file=/home/projects/linux-backup/logs/backup_2001-12-31-103030.log > /dev/null
2001/12/31 10:30:30 [52703] building file list
2001/12/31 10:30:30 [52703] created directory /home/projects/linux-backup/target/inc/2001-12-31
2001/12/31 10:30:30 [52703] cd..t...... source1/folder1_2001/subfolder_12/
2001/12/31 10:30:30 [52703] >f+++++++++ source1/folder1_2001/subfolder_12/foo_2001-12-31
2001/12/31 10:30:30 [52703] sent 12.91K bytes  received 143 bytes  26.11K bytes/sec
2001/12/31 10:30:30 [52703] total size is 4.07K  speedup is 0.31
<<<<<<<<<<<<<<<<<<<<<<<<<<<<<<<<<<<<<<<<<<<<<
[INFO]	Executing rsync:
>>>>>>>>>>>>>>>>>>>>>>>>>>>>>>>>>>>>>>>>>>>>>
rsync -avh --progress --delete --link-dest=/home/projects/linux-backup/target/inc/2001-12-30 /home/projects/linux-backup/source2 /home/projects/linux-backup/target/inc/2001-12-31/ --log-file=/home/projects/linux-backup/logs/backup_2001-12-31-103030.log > /dev/null
2001/12/31 10:30:30 [52706] building file list
2001/12/31 10:30:30 [52706] cd..t...... source2/folder2_2001/subfolder_12/
2001/12/31 10:30:30 [52706] >f+++++++++ source2/folder2_2001/subfolder_12/foo_2001-12-31
2001/12/31 10:30:30 [52706] sent 12.91K bytes  received 71 bytes  25.97K bytes/sec
2001/12/31 10:30:30 [52706] total size is 4.07K  speedup is 0.31
<<<<<<<<<<<<<<<<<<<<<<<<<<<<<<<<<<<<<<<<<<<<<
[INFO]	Compressing files
>>>>>>>>>>>>>>>>>>>>>>>>>>>>>>>>>>>>>>>>>>>>>
tar -zcvf /home/projects/linux-backup/target/full/debian-MONTHLY-2001-12-31.tar.gz -C /home/projects/linux-backup/target/inc/2001-12-31/ . 
<<<<<<<<<<<<<<<<<<<<<<<<<<<<<<<<<<<<<<<<<<<<<
[INFO]	Sending an e-mail
Timestamp: 2001-12-31_10:30:30
[INFO]	Program finished successfully
