+++++++++++++++++++++++++++++++++++++++++++++++++++++
- CONFIGURED PARAMETERS:
source_dirs='/home/projects/linux-backup/source1'
target_dir='/home/projects/linux-backup/target'
full_backup_path='/home/projects/linux-backup/target/inc/2001-12-06/'
working_path='/home/projects/linux-backup'
logs_path='/home/projects/linux-backup/logs'
log_file='backup_2001-12-06-103030.log'
anual_ret='12, monthly_ret='12, daily_ret'6
+++++++++++++++++++++++++++++++++++++++++++++++++++++
Timestamp: 2001-12-06_10:30:30
[INFO]	Checking logs directory... 
[INFO]	Checking root privileges... 
[INFO]	Checking backup source directory... 
[INFO]	Checking backup target directory... 
[INFO]	Creating backup directories... 
[INFO]	Checking disk space... 
[INFO]	Executing rsync:
>>>>>>>>>>>>>>>>>>>>>>>>>>>>>>>>>>>>>>>>>>>>>
rsync -avh --progress --delete --link-dest=/home/projects/linux-backup/target/inc/2001-12-05 /home/projects/linux-backup/source1 /home/projects/linux-backup/target/inc/2001-12-06/ --log-file=/home/projects/linux-backup/logs/backup_2001-12-06-103030.log > /dev/null
2001/12/06 10:30:30 [51903] building file list
2001/12/06 10:30:30 [51903] created directory /home/projects/linux-backup/target/inc/2001-12-06
2001/12/06 10:30:30 [51903] cd..t...... source1/folder1_2001/subfolder_12/
2001/12/06 10:30:30 [51903] >f+++++++++ source1/folder1_2001/subfolder_12/foo_2001-12-6
2001/12/06 10:30:30 [51903] sent 12.50K bytes  received 143 bytes  25.28K bytes/sec
2001/12/06 10:30:30 [51903] total size is 3.92K  speedup is 0.31
<<<<<<<<<<<<<<<<<<<<<<<<<<<<<<<<<<<<<<<<<<<<<
[INFO]	Executing rsync:
>>>>>>>>>>>>>>>>>>>>>>>>>>>>>>>>>>>>>>>>>>>>>
rsync -avh --progress --delete --link-dest=/home/projects/linux-backup/target/inc/2001-12-05 /home/projects/linux-backup/source2 /home/projects/linux-backup/target/inc/2001-12-06/ --log-file=/home/projects/linux-backup/logs/backup_2001-12-06-103030.log > /dev/null
2001/12/06 10:30:30 [51906] building file list
2001/12/06 10:30:30 [51906] cd..t...... source2/folder2_2001/subfolder_12/
2001/12/06 10:30:30 [51906] >f+++++++++ source2/folder2_2001/subfolder_12/foo_2001-12-6
2001/12/06 10:30:30 [51906] sent 12.50K bytes  received 71 bytes  25.14K bytes/sec
2001/12/06 10:30:30 [51906] total size is 3.92K  speedup is 0.31
<<<<<<<<<<<<<<<<<<<<<<<<<<<<<<<<<<<<<<<<<<<<<
[INFO]	Sending an e-mail
Timestamp: 2001-12-06_10:30:30
[INFO]	Program finished successfully
