+++++++++++++++++++++++++++++++++++++++++++++++++++++
- CONFIGURED PARAMETERS:
source_dirs='/home/projects/linux-backup/source1'
target_dir='/home/projects/linux-backup/target'
full_backup_path='/home/projects/linux-backup/target/inc/2001-12-21/'
working_path='/home/projects/linux-backup'
logs_path='/home/projects/linux-backup/logs'
log_file='backup_2001-12-21-103030.log'
anual_ret='12, monthly_ret='12, daily_ret'6
+++++++++++++++++++++++++++++++++++++++++++++++++++++
Timestamp: 2001-12-21_10:30:30
[INFO]	Checking logs directory... 
[INFO]	Checking root privileges... 
[INFO]	Checking backup source directory... 
[INFO]	Checking backup target directory... 
[INFO]	Creating backup directories... 
[INFO]	Checking disk space... 
[INFO]	Executing rsync:
>>>>>>>>>>>>>>>>>>>>>>>>>>>>>>>>>>>>>>>>>>>>>
rsync -avh --progress --delete --link-dest=/home/projects/linux-backup/target/inc/2001-12-20 /home/projects/linux-backup/source1 /home/projects/linux-backup/target/inc/2001-12-21/ --log-file=/home/projects/linux-backup/logs/backup_2001-12-21-103030.log > /dev/null
2001/12/21 10:30:30 [52383] building file list
2001/12/21 10:30:30 [52383] created directory /home/projects/linux-backup/target/inc/2001-12-21
2001/12/21 10:30:30 [52383] cd..t...... source1/folder1_2001/subfolder_12/
2001/12/21 10:30:30 [52383] >f+++++++++ source1/folder1_2001/subfolder_12/foo_2001-12-21
2001/12/21 10:30:30 [52383] sent 12.75K bytes  received 143 bytes  25.78K bytes/sec
2001/12/21 10:30:30 [52383] total size is 4.01K  speedup is 0.31
<<<<<<<<<<<<<<<<<<<<<<<<<<<<<<<<<<<<<<<<<<<<<
[INFO]	Executing rsync:
>>>>>>>>>>>>>>>>>>>>>>>>>>>>>>>>>>>>>>>>>>>>>
rsync -avh --progress --delete --link-dest=/home/projects/linux-backup/target/inc/2001-12-20 /home/projects/linux-backup/source2 /home/projects/linux-backup/target/inc/2001-12-21/ --log-file=/home/projects/linux-backup/logs/backup_2001-12-21-103030.log > /dev/null
2001/12/21 10:30:30 [52386] building file list
2001/12/21 10:30:30 [52386] cd..t...... source2/folder2_2001/subfolder_12/
2001/12/21 10:30:30 [52386] >f+++++++++ source2/folder2_2001/subfolder_12/foo_2001-12-21
2001/12/21 10:30:30 [52386] sent 12.75K bytes  received 71 bytes  25.63K bytes/sec
2001/12/21 10:30:30 [52386] total size is 4.01K  speedup is 0.31
<<<<<<<<<<<<<<<<<<<<<<<<<<<<<<<<<<<<<<<<<<<<<
[INFO]	Sending an e-mail
Timestamp: 2001-12-21_10:30:30
[INFO]	Program finished successfully
